<?xml version="1.0" encoding="UTF-8"?>
<!-- Generated by org.testng.reporters.JUnitReportReporter -->
<testsuite skipped="0" hostname="LAPTOP-1JDHC0U4" name="Test.Test01" tests="4" failures="1" timestamp="20 Sep 2025 12:21:17 GMT" time="18.850" errors="0">
  <testcase name="vertify_title" time="6.910" classname="Test.Test01"/>
  <testcase name="close" time="3.526" classname="Test.Test01">
    <failure type="com.applitools.eyes.exceptions.DiffsFoundException" message="Test &#039;open app&#039; of &#039;Magento&#039; detected differences! See details at: https://eyes.applitools.com/app/batches/00000251643929973027/00000251643929972854?accountId=8vau1D9_SEKcoenrPbGKzA__">
      <![CDATA[com.applitools.eyes.exceptions.DiffsFoundException: Test 'open app' of 'Magento' detected differences! See details at: https://eyes.applitools.com/app/batches/00000251643929973027/00000251643929972854?accountId=8vau1D9_SEKcoenrPbGKzA__
at com.applitools.eyes.EyesRunner.logSessionResultsAndThrowException(EyesRunner.java:246)
at com.applitools.eyes.selenium.Eyes.lambda$close$0(Eyes.java:500)
at java.util.ArrayList.forEach(ArrayList.java:1257)
at com.applitools.eyes.selenium.Eyes.close(Eyes.java:500)
at com.applitools.eyes.selenium.Eyes.close(Eyes.java:188)
at Test.BaseTest.close(BaseTest.java:47)
at sun.reflect.NativeMethodAccessorImpl.invoke0(Native Method)
at sun.reflect.NativeMethodAccessorImpl.invoke(NativeMethodAccessorImpl.java:62)
at sun.reflect.DelegatingMethodAccessorImpl.invoke(DelegatingMethodAccessorImpl.java:43)
at java.lang.reflect.Method.invoke(Method.java:498)
at org.testng.internal.MethodInvocationHelper.invokeMethod(MethodInvocationHelper.java:124)
at org.testng.internal.MethodInvocationHelper.invokeMethodConsideringTimeout(MethodInvocationHelper.java:59)
at org.testng.internal.Invoker.invokeConfigurationMethod(Invoker.java:458)
at org.testng.internal.Invoker.invokeConfigurations(Invoker.java:222)
at org.testng.internal.Invoker.invokeConfigurations(Invoker.java:142)
at org.testng.SuiteRunner.privateRun(SuiteRunner.java:425)
at org.testng.SuiteRunner.run(SuiteRunner.java:364)
at org.testng.SuiteRunnerWorker.runSuite(SuiteRunnerWorker.java:52)
at org.testng.SuiteRunnerWorker.run(SuiteRunnerWorker.java:84)
at org.testng.TestNG.runSuitesSequentially(TestNG.java:1208)
at org.testng.TestNG.runSuitesLocally(TestNG.java:1137)
at org.testng.TestNG.runSuites(TestNG.java:1049)
at org.testng.TestNG.run(TestNG.java:1017)
at org.apache.maven.surefire.testng.TestNGExecutor.run(TestNGExecutor.java:281)
at org.apache.maven.surefire.testng.TestNGXmlTestSuite.execute(TestNGXmlTestSuite.java:75)
at org.apache.maven.surefire.testng.TestNGProvider.invoke(TestNGProvider.java:121)
at org.apache.maven.surefire.booter.ForkedBooter.invokeProviderInSameClassLoader(ForkedBooter.java:290)
at org.apache.maven.surefire.booter.ForkedBooter.runSuitesInProcess(ForkedBooter.java:242)
at org.apache.maven.surefire.booter.ForkedBooter.main(ForkedBooter.java:121)
]]>
    </failure>
  </testcase> <!-- close -->
  <testcase name="vertify_email" time="6.400" classname="Test.Test01"/>
  <testcase name="click_scribe" time="2.014" classname="Test.Test01"/>
</testsuite> <!-- Test.Test01 -->
